============================= test session starts ==============================
platform darwin -- Python 3.14.5, pytest-9.0.3, pluggy-1.6.0 -- /Users/jaymangukiya/Desktop/crack-detection-project/venv/bin/python3.14
cachedir: .pytest_cache
rootdir: /Users/jaymangukiya/Desktop/crack-detection-project/student_extension_example
collecting ... collected 62 items

test_differentiable_enhance_only.py::TestHasLearnableParams::test_has_learnable_params[DiffBrightness] PASSED [  1%]
test_differentiable_enhance_only.py::TestHasLearnableParams::test_has_learnable_params[DiffContrast] PASSED [  3%]
test_differentiable_enhance_only.py::TestHasLearnableParams::test_has_learnable_params[DiffGamma] PASSED [  4%]
test_differentiable_enhance_only.py::TestHasLearnableParams::test_has_learnable_params[DiffSaturation] PASSED [  6%]
test_differentiable_enhance_only.py::TestHasLearnableParams::test_has_learnable_params[DiffBrightnessAdditive] PASSED [  8%]
test_differentiable_enhance_only.py::TestHasLearnableParams::test_has_learnable_params[DiffFrangi] PASSED [  9%]
test_differentiable_enhance_only.py::TestHasLearnableParams::test_has_learnable_params[DiffMultiscaleContrast] PASSED [ 11%]
test_differentiable_enhance_only.py::TestHasLearnableParams::test_has_learnable_params[DiffMorphologyDisk] PASSED [ 12%]
test_differentiable_enhance_only.py::TestHasLearnableParams::test_has_learnable_params[DiffMorphologyLine] PASSED [ 14%]
test_differentiable_enhance_only.py::TestGradientFlow::test_all_params_receive_gradients[DiffBrightness] PASSED [ 16%]
test_differentiable_enhance_only.py::TestGradientFlow::test_all_params_receive_gradients[DiffContrast] PASSED [ 17%]
test_differentiable_enhance_only.py::TestGradientFlow::test_all_params_receive_gradients[DiffGamma] PASSED [ 19%]
test_differentiable_enhance_only.py::TestGradientFlow::test_all_params_receive_gradients[DiffSaturation] PASSED [ 20%]
test_differentiable_enhance_only.py::TestGradientFlow::test_all_params_receive_gradients[DiffBrightnessAdditive] PASSED [ 22%]
test_differentiable_enhance_only.py::TestGradientFlow::test_all_params_receive_gradients[DiffFrangi] PASSED [ 24%]
test_differentiable_enhance_only.py::TestGradientFlow::test_all_params_receive_gradients[DiffMultiscaleContrast] PASSED [ 25%]
test_differentiable_enhance_only.py::TestGradientFlow::test_all_params_receive_gradients[DiffMorphologyDisk] PASSED [ 27%]
test_differentiable_enhance_only.py::TestGradientFlow::test_all_params_receive_gradients[DiffMorphologyLine] PASSED [ 29%]
test_differentiable_enhance_only.py::TestOutputShape::test_shape_preserved[DiffBrightness] PASSED [ 30%]
test_differentiable_enhance_only.py::TestOutputShape::test_shape_preserved[DiffContrast] PASSED [ 32%]
test_differentiable_enhance_only.py::TestOutputShape::test_shape_preserved[DiffGamma] PASSED [ 33%]
test_differentiable_enhance_only.py::TestOutputShape::test_shape_preserved[DiffSaturation] PASSED [ 35%]
test_differentiable_enhance_only.py::TestOutputShape::test_shape_preserved[DiffBrightnessAdditive] PASSED [ 37%]
test_differentiable_enhance_only.py::TestOutputShape::test_shape_preserved[DiffFrangi] PASSED [ 38%]
test_differentiable_enhance_only.py::TestOutputShape::test_shape_preserved[DiffMultiscaleContrast] PASSED [ 40%]
test_differentiable_enhance_only.py::TestOutputShape::test_shape_preserved[DiffMorphologyDisk] PASSED [ 41%]
test_differentiable_enhance_only.py::TestOutputShape::test_shape_preserved[DiffMorphologyLine] PASSED [ 43%]
test_differentiable_enhance_only.py::TestNoNanInf::test_output_finite[DiffBrightness] PASSED [ 45%]
test_differentiable_enhance_only.py::TestNoNanInf::test_output_finite[DiffContrast] PASSED [ 46%]
test_differentiable_enhance_only.py::TestNoNanInf::test_output_finite[DiffGamma] PASSED [ 48%]
test_differentiable_enhance_only.py::TestNoNanInf::test_output_finite[DiffSaturation] PASSED [ 50%]
test_differentiable_enhance_only.py::TestNoNanInf::test_output_finite[DiffBrightnessAdditive] PASSED [ 51%]
test_differentiable_enhance_only.py::TestNoNanInf::test_output_finite[DiffFrangi] PASSED [ 53%]
test_differentiable_enhance_only.py::TestNoNanInf::test_output_finite[DiffMultiscaleContrast] PASSED [ 54%]
test_differentiable_enhance_only.py::TestNoNanInf::test_output_finite[DiffMorphologyDisk] PASSED [ 56%]
test_differentiable_enhance_only.py::TestNoNanInf::test_output_finite[DiffMorphologyLine] PASSED [ 58%]
test_differentiable_enhance_only.py::TestNoNanInf::test_gradients_finite[DiffBrightness] PASSED [ 59%]
test_differentiable_enhance_only.py::TestNoNanInf::test_gradients_finite[DiffContrast] PASSED [ 61%]
test_differentiable_enhance_only.py::TestNoNanInf::test_gradients_finite[DiffGamma] PASSED [ 62%]
test_differentiable_enhance_only.py::TestNoNanInf::test_gradients_finite[DiffSaturation] PASSED [ 64%]
test_differentiable_enhance_only.py::TestNoNanInf::test_gradients_finite[DiffBrightnessAdditive] PASSED [ 66%]
test_differentiable_enhance_only.py::TestNoNanInf::test_gradients_finite[DiffFrangi] PASSED [ 67%]
test_differentiable_enhance_only.py::TestNoNanInf::test_gradients_finite[DiffMultiscaleContrast] PASSED [ 69%]
test_differentiable_enhance_only.py::TestNoNanInf::test_gradients_finite[DiffMorphologyDisk] PASSED [ 70%]
test_differentiable_enhance_only.py::TestNoNanInf::test_gradients_finite[DiffMorphologyLine] PASSED [ 72%]
test_differentiable_enhance_only.py::TestConvergence::test_brightness_convergence PASSED [ 74%]
test_differentiable_enhance_only.py::TestConvergence::test_contrast_convergence PASSED [ 75%]
test_differentiable_enhance_only.py::TestConvergence::test_gamma_convergence PASSED [ 77%]
test_differentiable_enhance_only.py::TestConvergence::test_saturation_convergence PASSED [ 79%]
test_differentiable_enhance_only.py::TestConvergence::test_brightness_additive_convergence PASSED [ 80%]
test_differentiable_enhance_only.py::TestConvergence::test_frangi_convergence PASSED [ 82%]
test_differentiable_enhance_only.py::TestConvergence::test_multiscale_contrast_convergence PASSED [ 83%]
test_differentiable_enhance_only.py::TestConvergence::test_morphology_disk_convergence PASSED [ 85%]
test_differentiable_enhance_only.py::TestConvergence::test_morphology_line_convergence[0.3] PASSED [ 87%]
test_differentiable_enhance_only.py::TestConvergence::test_morphology_line_convergence[1.2] PASSED [ 88%]
test_differentiable_enhance_only.py::TestConvergence::test_morphology_line_convergence[2.5] PASSED [ 90%]
test_differentiable_enhance_only.py::TestDiffHaralick::test_has_learnable_params PASSED [ 91%]
test_differentiable_enhance_only.py::TestDiffHaralick::test_gradient_flow PASSED [ 93%]
test_differentiable_enhance_only.py::TestDiffHaralick::test_output_shape PASSED [ 95%]
test_differentiable_enhance_only.py::TestDiffHaralick::test_output_finite PASSED [ 96%]
test_differentiable_enhance_only.py::TestDiffHaralick::test_gradients_finite PASSED [ 98%]
test_differentiable_enhance_only.py::TestDiffHaralick::test_convergence PASSED [100%]

============================== 62 passed in 2.45s ==============================
